[DEBUG] 2021-02-08 22:09:56.293 [http-nio-8080-exec-3] UserDao - The list of users []
[DEBUG] 2021-02-08 22:09:56.293 [http-nio-8080-exec-2] UserDao - The list of users []
[ERROR] 2021-02-08 22:10:04.752 [http-nio-8080-exec-5] PropertiesLoader - There was a problem with the properties file
java.lang.NullPointerException: inStream parameter is null
	at java.util.Objects.requireNonNull(Objects.java:246) ~[?:?]
	at java.util.Properties.load(Properties.java:403) ~[?:?]
	at edu.matc.persistence.PropertiesLoader.loadProperties(PropertiesLoader.java:29) [classes/:?]
	at edu.matc.persistence.Database.<init>(Database.java:35) [classes/:?]
	at edu.matc.persistence.Database.<clinit>(Database.java:27) [classes/:?]
	at edu.matc.persistence.UserData.createUserSearch(UserData.java:25) [classes/:?]
	at edu.matc.controller.SearchUser.doGet(SearchUser.java:36) [classes/:?]
	at javax.servlet.http.HttpServlet.service(HttpServlet.java:626) [servlet-api.jar:?]
	at javax.servlet.http.HttpServlet.service(HttpServlet.java:733) [servlet-api.jar:?]
	at org.apache.catalina.core.ApplicationFilterChain.internalDoFilter(ApplicationFilterChain.java:231) [catalina.jar:8.5.57]
	at org.apache.catalina.core.ApplicationFilterChain.doFilter(ApplicationFilterChain.java:166) [catalina.jar:8.5.57]
	at org.apache.tomcat.websocket.server.WsFilter.doFilter(WsFilter.java:52) [tomcat-websocket.jar:8.5.57]
	at org.apache.catalina.core.ApplicationFilterChain.internalDoFilter(ApplicationFilterChain.java:193) [catalina.jar:8.5.57]
	at org.apache.catalina.core.ApplicationFilterChain.doFilter(ApplicationFilterChain.java:166) [catalina.jar:8.5.57]
	at org.apache.catalina.core.StandardWrapperValve.invoke(StandardWrapperValve.java:199) [catalina.jar:8.5.57]
	at org.apache.catalina.core.StandardContextValve.invoke(StandardContextValve.java:96) [catalina.jar:8.5.57]
	at org.apache.tomee.catalina.OpenEJBValve.invoke(OpenEJBValve.java:44) [tomee-catalina-7.1.4.jar:7.1.4]
	at org.apache.catalina.authenticator.AuthenticatorBase.invoke(AuthenticatorBase.java:543) [catalina.jar:8.5.57]
	at org.apache.catalina.core.StandardHostValve.invoke(StandardHostValve.java:139) [catalina.jar:8.5.57]
	at org.apache.catalina.valves.ErrorReportValve.invoke(ErrorReportValve.java:81) [catalina.jar:8.5.57]
	at org.apache.tomee.catalina.OpenEJBSecurityListener$RequestCapturer.invoke(OpenEJBSecurityListener.java:97) [tomee-catalina-7.1.4.jar:7.1.4]
	at org.apache.catalina.valves.AbstractAccessLogValve.invoke(AbstractAccessLogValve.java:690) [catalina.jar:8.5.57]
	at org.apache.catalina.core.StandardEngineValve.invoke(StandardEngineValve.java:87) [catalina.jar:8.5.57]
	at org.apache.catalina.connector.CoyoteAdapter.service(CoyoteAdapter.java:343) [catalina.jar:8.5.57]
	at org.apache.coyote.http11.Http11Processor.service(Http11Processor.java:615) [tomcat-coyote.jar:8.5.57]
	at org.apache.coyote.AbstractProcessorLight.process(AbstractProcessorLight.java:65) [tomcat-coyote.jar:8.5.57]
	at org.apache.coyote.AbstractProtocol$ConnectionHandler.process(AbstractProtocol.java:818) [tomcat-coyote.jar:8.5.57]
	at org.apache.tomcat.util.net.NioEndpoint$SocketProcessor.doRun(NioEndpoint.java:1626) [tomcat-coyote.jar:8.5.57]
	at org.apache.tomcat.util.net.SocketProcessorBase.run(SocketProcessorBase.java:49) [tomcat-coyote.jar:8.5.57]
	at java.util.concurrent.ThreadPoolExecutor.runWorker(ThreadPoolExecutor.java:1128) [?:?]
	at java.util.concurrent.ThreadPoolExecutor$Worker.run(ThreadPoolExecutor.java:628) [?:?]
	at org.apache.tomcat.util.threads.TaskThread$WrappingRunnable.run(TaskThread.java:61) [tomcat-util.jar:8.5.57]
	at java.lang.Thread.run(Thread.java:834) [?:?]
[ERROR] 2021-02-08 22:10:04.757 [http-nio-8080-exec-5] UserData - SearchUser.getAllUsers()...Exception: java.lang.NullPointerException
[ERROR] 2021-02-08 22:10:08.410 [http-nio-8080-exec-6] UserData - SearchUser.getAllUsers()...Exception: java.lang.NullPointerException
[DEBUG] 2021-02-08 22:17:07.673 [http-nio-8080-exec-4] UserDao - The list of users []
[DEBUG] 2021-02-08 22:17:07.673 [http-nio-8080-exec-3] UserDao - The list of users []
[DEBUG] 2021-02-08 22:21:34.513 [http-nio-8080-exec-10] UserDao - The list of users [edu.matc.entity.User@fb01849]
[DEBUG] 2021-02-08 22:24:48.266 [http-nio-8080-exec-9] UserDao - The list of users [edu.matc.entity.User@4ff27b83]
[DEBUG] 2021-02-08 22:30:41.421 [http-nio-8080-exec-2] UserDao - Searching for user with user_name = i_love_java
[DEBUG] 2021-02-08 22:34:16.144 [http-nio-8080-exec-9] UserDao - The list of users [edu.matc.entity.User@78bcd948, edu.matc.entity.User@1b8e0bc]
[DEBUG] 2021-02-08 22:34:41.657 [http-nio-8080-exec-3] UserDao - Searching for user with username = i_love_java
[DEBUG] 2021-02-08 22:36:07.842 [http-nio-8080-exec-10] UserDao - Searching for user with userName = i_love_java
[DEBUG] 2021-02-14 13:27:36.932 [http-nio-8080-exec-5] UserDao - The list of users [edu.matc.entity.User@18a39236, edu.matc.entity.User@5f3cee7e]
[DEBUG] 2021-02-14 13:39:21.350 [http-nio-8080-exec-8] UserDao - Searching for user with userName = i_love_java
[DEBUG] 2021-02-14 13:42:56.478 [http-nio-8080-exec-9] UserDao - Searching for user with userName = i_love_java
[DEBUG] 2021-02-14 13:43:01.837 [http-nio-8080-exec-10] UserDao - The list of users [edu.matc.entity.User@16c6fe32, edu.matc.entity.User@110cb818]
[DEBUG] 2021-02-14 13:43:10.808 [http-nio-8080-exec-3] UserDao - Searching for user with userName = CribbageFan13
[DEBUG] 2021-02-14 14:12:53.518 [main] UserDao - The list of users [edu.matc.entity.User@2c7c0e36, edu.matc.entity.User@37ca3ca8]
[DEBUG] 2021-02-14 14:13:17.807 [main] UserDao - The list of users [edu.matc.entity.User@70d4f672, edu.matc.entity.User@57cabdc3]
[DEBUG] 2021-02-14 14:13:30.358 [main] UserDao - The list of users [edu.matc.entity.User@5fd43e58, edu.matc.entity.User@509a6095]
[DEBUG] 2021-02-14 14:17:28.636 [main] UserDao - The list of users [edu.matc.entity.User@70d4f672, edu.matc.entity.User@57cabdc3]
[DEBUG] 2021-02-14 14:17:28.644 [main] UserDao - Searching for user with userName = i
[DEBUG] 2021-02-14 14:17:36.861 [main] UserDao - The list of users [edu.matc.entity.User@70d4f672, edu.matc.entity.User@57cabdc3]
[DEBUG] 2021-02-14 14:17:36.869 [main] UserDao - Searching for user with userName = i
[DEBUG] 2021-02-14 14:18:44.537 [main] UserDao - The list of users [edu.matc.entity.User@70d4f672, edu.matc.entity.User@57cabdc3]
[DEBUG] 2021-02-14 14:18:44.545 [main] UserDao - Searching for user with userName = i
[DEBUG] 2021-02-14 14:19:09.092 [main] UserDao - The list of users [edu.matc.entity.User@2c7c0e36, edu.matc.entity.User@37ca3ca8]
[DEBUG] 2021-02-14 14:19:09.102 [main] UserDao - Searching for user with userName = i
[DEBUG] 2021-02-14 14:19:36.976 [http-nio-8080-exec-10] UserDao - Searching for user with userName = c
[DEBUG] 2021-02-14 14:19:57.837 [main] UserDao - Searching for user with userName = i
[DEBUG] 2021-02-14 14:28:01.326 [http-nio-8080-exec-4] UserDao - Searching for user with userName = i
[DEBUG] 2021-02-14 14:33:45.515 [main] UserDao - Searching for user with userName = j
[DEBUG] 2021-02-14 14:34:08.660 [main] UserDao - Searching for user with userName = j
[DEBUG] 2021-02-14 14:34:34.223 [main] UserDao - The list of users [edu.matc.entity.User@70d4f672, edu.matc.entity.User@57cabdc3]
[DEBUG] 2021-02-14 14:34:34.231 [main] UserDao - Searching for user with userName = j
[DEBUG] 2021-02-14 14:35:44.792 [main] UserDao - The list of users [edu.matc.entity.User@40c8067, edu.matc.entity.User@723742b2]
[DEBUG] 2021-02-14 14:35:44.800 [main] UserDao - Searching for user with userName = j
[DEBUG] 2021-02-14 14:36:50.459 [main] UserDao - The list of users [edu.matc.entity.User@5763a655, edu.matc.entity.User@48499739]
[DEBUG] 2021-02-14 14:36:50.468 [main] UserDao - Searching for user with userName = j
[DEBUG] 2021-02-14 14:37:17.604 [main] UserDao - The list of users [edu.matc.entity.User@77324a58, edu.matc.entity.User@5864e8bf]
[DEBUG] 2021-02-14 14:37:17.612 [main] UserDao - Searching for user with userName = j
[DEBUG] 2021-02-14 14:38:11.986 [main] UserDao - The list of users [edu.matc.entity.User@2c7c0e36, edu.matc.entity.User@37ca3ca8]
[DEBUG] 2021-02-14 14:38:11.993 [main] UserDao - Searching for user with userName = j
[DEBUG] 2021-02-14 14:40:00.318 [main] UserDao - The list of users [edu.matc.entity.User@70d4f672, edu.matc.entity.User@57cabdc3]
[DEBUG] 2021-02-14 14:40:00.327 [main] UserDao - Searching for user with userName = j
[DEBUG] 2021-02-14 14:40:07.184 [main] UserDao - The list of users [edu.matc.entity.User@40c8067, edu.matc.entity.User@723742b2]
[DEBUG] 2021-02-14 14:40:07.192 [main] UserDao - Searching for user with userName = j
[DEBUG] 2021-02-14 14:44:29.342 [main] UserDao - The list of users [edu.matc.entity.User@40c8067, edu.matc.entity.User@723742b2]
[DEBUG] 2021-02-14 14:44:29.351 [main] UserDao - Searching for user with userName = j
[DEBUG] 2021-02-14 15:01:28.058 [main] UserDao - The list of users [edu.matc.entity.User@5fd43e58, edu.matc.entity.User@509a6095]
[DEBUG] 2021-02-14 15:01:28.067 [main] UserDao - Searching for user with userName = j
[INFO ] 2021-02-14 15:01:28.096 [main] UserDaoTest - edu.matc.entity.User@16f7f59f
[DEBUG] 2021-02-14 15:07:16.528 [main] UserDao - The list of users [edu.matc.entity.User@11810917, edu.matc.entity.User@5faeeb56]
[DEBUG] 2021-02-14 15:07:16.535 [main] UserDao - Searching for user with userName = j
[DEBUG] 2021-02-14 15:07:16.558 [main] UserDao - Searching for user with userName = CribbageFan13
[INFO ] 2021-02-14 15:07:16.581 [main] UserDaoTest - edu.matc.entity.User@5b066c33
[DEBUG] 2021-02-14 15:07:24.860 [main] UserDao - Searching for user with userName = CribbageFan13
[DEBUG] 2021-02-14 15:08:46.820 [main] UserDao - The list of users [edu.matc.entity.User@11810917, edu.matc.entity.User@5faeeb56]
[DEBUG] 2021-02-14 15:08:46.827 [main] UserDao - Searching for user with userName = j
[DEBUG] 2021-02-14 15:08:46.847 [main] UserDao - Searching for user with userName = CribbageFan13
[DEBUG] 2021-02-14 15:51:25.891 [main] UserDao - The list of users [edu.matc.entity.User@4a31ed12, edu.matc.entity.User@279126f5]
[DEBUG] 2021-02-14 15:51:25.898 [main] UserDao - Searching for user with userName = j
[DEBUG] 2021-02-14 15:51:25.921 [main] UserDao - Searching for user with userName = CribbageFan13
[DEBUG] 2021-02-14 15:52:38.400 [main] UserDao - The list of users [edu.matc.entity.User@154b8cb6, edu.matc.entity.User@39449465, edu.matc.entity.User@6e3dd5ce]
[DEBUG] 2021-02-14 15:52:38.414 [main] UserDao - Searching for user with userName = j
[DEBUG] 2021-02-14 15:52:38.437 [main] UserDao - Searching for user with userName = CribbageFan13
[DEBUG] 2021-02-14 15:53:11.424 [main] UserDao - The list of users [edu.matc.entity.User@154b8cb6, edu.matc.entity.User@39449465, edu.matc.entity.User@6e3dd5ce, edu.matc.entity.User@16f7f59f]
[DEBUG] 2021-02-14 15:53:11.437 [main] UserDao - Searching for user with userName = j
[DEBUG] 2021-02-14 15:53:11.458 [main] UserDao - Searching for user with userName = CribbageFan13
[DEBUG] 2021-02-14 15:53:53.135 [main] UserDao - The list of users [edu.matc.entity.User@4a31ed12, edu.matc.entity.User@279126f5, edu.matc.entity.User@7781263c, edu.matc.entity.User@5fdd97c1, edu.matc.entity.User@3b5a19ed]
[DEBUG] 2021-02-14 15:53:53.146 [main] UserDao - Searching for user with userName = j
[DEBUG] 2021-02-14 15:53:53.166 [main] UserDao - Searching for user with userName = CribbageFan13
[DEBUG] 2021-02-14 15:54:15.067 [main] UserDao - The list of users [edu.matc.entity.User@4a31ed12, edu.matc.entity.User@279126f5, edu.matc.entity.User@7781263c, edu.matc.entity.User@5fdd97c1, edu.matc.entity.User@3b5a19ed, edu.matc.entity.User@15d236fd]
[DEBUG] 2021-02-14 15:54:15.077 [main] UserDao - Searching for user with userName = j
[DEBUG] 2021-02-14 15:54:15.098 [main] UserDao - Searching for user with userName = CribbageFan13
[DEBUG] 2021-02-14 15:56:47.952 [main] UserDao - The list of users [edu.matc.entity.User@4a31ed12, edu.matc.entity.User@279126f5, edu.matc.entity.User@7781263c, edu.matc.entity.User@5fdd97c1, edu.matc.entity.User@3b5a19ed, edu.matc.entity.User@15d236fd, edu.matc.entity.User@6b9c42bd]
[DEBUG] 2021-02-14 15:56:47.958 [main] UserDao - Searching for user with userName = j
[DEBUG] 2021-02-14 15:56:47.978 [main] UserDao - Searching for user with userName = CribbageFan13
[DEBUG] 2021-02-14 15:58:16.115 [main] UserDao - The list of users [edu.matc.entity.User@47058864, edu.matc.entity.User@ad3f70a, edu.matc.entity.User@54ccb3, edu.matc.entity.User@9b2dc56, edu.matc.entity.User@621f23ac, edu.matc.entity.User@7761e342]
[DEBUG] 2021-02-14 15:58:16.124 [main] UserDao - Searching for user with userName = j
[DEBUG] 2021-02-14 15:58:16.145 [main] UserDao - Searching for user with userName = CribbageFan13
[DEBUG] 2021-02-14 15:58:43.241 [main] UserDao - The list of users [edu.matc.entity.User@47058864, edu.matc.entity.User@ad3f70a, edu.matc.entity.User@54ccb3, edu.matc.entity.User@9b2dc56, edu.matc.entity.User@621f23ac]
[DEBUG] 2021-02-14 15:58:43.245 [main] UserDao - Searching for user with userName = j
[DEBUG] 2021-02-14 15:58:43.264 [main] UserDao - Searching for user with userName = CribbageFan13
[DEBUG] 2021-02-14 16:07:32.643 [main] UserDao - The list of users [edu.matc.entity.User@6cc48a17, edu.matc.entity.User@289f15e9, edu.matc.entity.User@7f22687e, edu.matc.entity.User@6af87130, edu.matc.entity.User@22a4ca4a]
[DEBUG] 2021-02-14 16:07:32.645 [main] UserDao - Searching for user with userName = j
[DEBUG] 2021-02-14 16:07:32.665 [main] UserDao - Searching for user with userName = CribbageFan13
[DEBUG] 2021-02-14 16:13:46.878 [main] UserDao - The list of users [edu.matc.entity.User@289f15e9, edu.matc.entity.User@7f22687e, edu.matc.entity.User@6af87130, edu.matc.entity.User@22a4ca4a, edu.matc.entity.User@72c4a3aa]
[DEBUG] 2021-02-14 16:13:46.882 [main] UserDao - Searching for user with userName = j
[DEBUG] 2021-02-14 16:13:46.906 [main] UserDao - Searching for user with userName = CribbageFan13
[DEBUG] 2021-02-14 16:14:12.660 [main] UserDao - The list of users [edu.matc.entity.User@47fb7ec9, edu.matc.entity.User@2f8c4fae, edu.matc.entity.User@4703c998, edu.matc.entity.User@71166348]
[DEBUG] 2021-02-14 16:14:12.664 [main] UserDao - Searching for user with userName = j
[DEBUG] 2021-02-14 16:14:12.683 [main] UserDao - Searching for user with userName = CribbageFan13
[DEBUG] 2021-02-14 16:15:02.546 [main] UserDao - The list of users [edu.matc.entity.User@47fb7ec9, edu.matc.entity.User@2f8c4fae, edu.matc.entity.User@4703c998]
[DEBUG] 2021-02-14 16:15:02.549 [main] UserDao - Searching for user with userName = j
[DEBUG] 2021-02-14 16:15:02.572 [main] UserDao - Searching for user with userName = CribbageFan13
[DEBUG] 2021-02-14 16:28:07.088 [main] UserDao - The list of users [edu.matc.entity.User@242ff747, edu.matc.entity.User@5329f6b3, edu.matc.entity.User@597d48ca]
[DEBUG] 2021-02-14 16:28:07.091 [main] UserDao - Searching for user with userName = j
[DEBUG] 2021-02-14 16:28:07.115 [main] UserDao - Searching for user with userName = CribbageFan13
[DEBUG] 2021-02-14 16:29:05.272 [main] UserDao - The list of users [edu.matc.entity.User@242ff747, edu.matc.entity.User@5329f6b3, edu.matc.entity.User@597d48ca, edu.matc.entity.User@77324a58]
[DEBUG] 2021-02-14 16:29:05.276 [main] UserDao - Searching for user with userName = j
[DEBUG] 2021-02-14 16:29:05.299 [main] UserDao - Searching for user with userName = CribbageFan13
[DEBUG] 2021-02-14 16:30:39.976 [main] UserDao - The list of users [edu.matc.entity.User@3be3e76c, edu.matc.entity.User@6c07ad6b, edu.matc.entity.User@10ed037a, edu.matc.entity.User@76e4212]
[DEBUG] 2021-02-14 16:30:39.980 [main] UserDao - Searching for user with userName = j
[DEBUG] 2021-02-14 16:30:40.002 [main] UserDao - Searching for user with userName = CribbageFan13
[DEBUG] 2021-02-14 16:44:24.233 [main] UserDao - The list of users [edu.matc.entity.User@11e71181, edu.matc.entity.User@342beaf6, edu.matc.entity.User@222acad, edu.matc.entity.User@56cfe6be, edu.matc.entity.User@7f0d8eff]
[DEBUG] 2021-02-14 16:44:24.240 [main] UserDao - Searching for user with userName = j
[DEBUG] 2021-02-14 16:44:24.266 [main] UserDao - Searching for user with userName = CribbageFan13
[DEBUG] 2021-02-14 16:46:25.514 [main] UserDao - The list of users [edu.matc.entity.User@19cdc217, edu.matc.entity.User@5f5297e3, edu.matc.entity.User@2d22d3b1, edu.matc.entity.User@7ec3a8bd, edu.matc.entity.User@9690008]
[DEBUG] 2021-02-14 16:46:25.518 [main] UserDao - Searching for user with userName = j
[DEBUG] 2021-02-14 16:46:25.543 [main] UserDao - Searching for user with userName = CribbageFan380
[DEBUG] 2021-02-14 16:47:35.079 [main] UserDao - The list of users [edu.matc.entity.User@19cdc217, edu.matc.entity.User@5f5297e3, edu.matc.entity.User@2d22d3b1, edu.matc.entity.User@7ec3a8bd, edu.matc.entity.User@9690008]
[DEBUG] 2021-02-14 16:47:35.087 [main] UserDao - Searching for user with userName = j
[DEBUG] 2021-02-14 16:47:35.108 [main] UserDao - Searching for user with userName = CribbageSuperStar380
[DEBUG] 2021-02-14 16:48:22.200 [main] UserDao - The list of users [edu.matc.entity.User@56a05324, edu.matc.entity.User@11e71181, edu.matc.entity.User@342beaf6, edu.matc.entity.User@222acad, edu.matc.entity.User@56cfe6be, edu.matc.entity.User@7f0d8eff]
[DEBUG] 2021-02-14 16:48:22.204 [main] UserDao - Searching for user with userName = j
[DEBUG] 2021-02-14 16:48:22.226 [main] UserDao - Searching for user with userName = CribbageSuperStar380
